Temporary file created: C:\Users\andre\AppData\Local\Temp\tmpbyoffh_e.cpp
LSP process started successfully.
Request sent with method initialize
Updated temporary file C:\Users\andre\AppData\Local\Temp\tmpbyoffh_e.cpp
LSP process shut down successfully.
Temporary file created: C:\Users\andre\AppData\Local\Temp\tmpfucigvll.cpp
LSP process started successfully.
Request sent with method initialize
Handling response from LSP
Received response: {
    "id": 0,
    "jsonrpc": "2.0",
    "result": {
        "capabilities": {
            "astProvider": true,
            "callHierarchyProvider": true,
            "clangdInlayHintsProvider": true,
            "codeActionProvider": true,
            "compilationDatabase": {
                "automaticReload": true
            },
            "completionProvider": {
                "resolveProvider": false,
                "triggerCharacters": [
                    ".",
                    "<",
                    ">",
                    ":",
                    "\"",
                    "/",
                    "*"
                ]
            },
            "declarationProvider": true,
            "definitionProvider": true,
            "documentFormattingProvider": true,
            "documentHighlightProvider": true,
            "documentLinkProvider": {
                "resolveProvider": false
            },
            "documentOnTypeFormattingProvider": {
                "firstTriggerCharacter": "\n",
                "moreTriggerCharacter": []
            },
            "documentRangeFormattingProvider": true,
            "documentSymbolProvider": true,
            "executeCommandProvider": {
                "commands": [
                    "clangd.applyFix",
                    "clangd.applyRename",
                    "clangd.applyTweak"
                ]
            },
            "foldingRangeProvider": true,
            "hoverProvider": true,
            "implementationProvider": true,
            "inactiveRegionsProvider": true,
            "inlayHintProvider": true,
            "memoryUsageProvider": true,
            "referencesProvider": true,
            "renameProvider": true,
            "selectionRangeProvider": true,
            "semanticTokensProvider": {
                "full": {
                    "delta": true
                },
                "legend": {
                    "tokenModifiers": [
                        "declaration",
                        "definition",
                        "deprecated",
                        "deduced",
                        "readonly",
                        "static",
                        "abstract",
                        "virtual",
                        "dependentName",
                        "defaultLibrary",
                        "usedAsMutableReference",
                        "usedAsMutablePointer",
                        "constructorOrDestructor",
                        "userDefined",
                        "functionScope",
                        "classScope",
                        "fileScope",
                        "globalScope"
                    ],
                    "tokenTypes": [
                        "variable",
                        "variable",
                        "parameter",
                        "function",
                        "method",
                        "function",
                        "property",
                        "variable",
                        "class",
                        "interface",
                        "enum",
                        "enumMember",
                        "type",
                        "type",
                        "unknown",
                        "namespace",
                        "typeParameter",
                        "concept",
                        "type",
                        "macro",
                        "modifier",
                        "operator",
                        "bracket",
                        "label",
                        "comment"
                    ]
                },
                "range": false
            },
            "signatureHelpProvider": {
                "triggerCharacters": [
                    "(",
                    ")",
                    "{",
                    "}",
                    "<",
                    ">",
                    ","
                ]
            },
            "standardTypeHierarchyProvider": true,
            "textDocumentSync": {
                "change": 2,
                "openClose": true,
                "save": true
            },
            "typeDefinitionProvider": true,
            "typeHierarchyProvider": true,
            "workspaceSymbolProvider": true
        },
        "serverInfo": {
            "name": "clangd",
            "version": "clangd version 20.1.0 windows x86_64-pc-windows-msvc"
        }
    }
}
LSP initialized successfully.
Request sent with method textDocument/didOpen
Handling response from LSP
Received response: {
    "jsonrpc": "2.0",
    "method": "textDocument/publishDiagnostics",
    "params": {
        "diagnostics": [],
        "uri": "file://C:/Users/andre/AppData/Local/Temp/tmpfucigvll.cpp",
        "version": 0
    }
}
Diagnostics received from LSP.
Errors received: []
Updated temporary file C:\Users\andre\AppData\Local\Temp\tmpfucigvll.cpp
LSP process shut down successfully.
Temporary file created: C:\Users\andre\AppData\Local\Temp\tmp7n06szal.cpp
LSP process started successfully.
Request sent with method initialize
Updated temporary file C:\Users\andre\AppData\Local\Temp\tmp7n06szal.cpp
LSP process shut down successfully.
Temporary file created: C:\Users\andre\AppData\Local\Temp\tmp0z8o8oa9.cpp
LSP process started successfully.
Request sent with method initialize
Handling response from LSP
Received response: {
    "id": 0,
    "jsonrpc": "2.0",
    "result": {
        "capabilities": {
            "astProvider": true,
            "callHierarchyProvider": true,
            "clangdInlayHintsProvider": true,
            "codeActionProvider": true,
            "compilationDatabase": {
                "automaticReload": true
            },
            "completionProvider": {
                "resolveProvider": false,
                "triggerCharacters": [
                    ".",
                    "<",
                    ">",
                    ":",
                    "\"",
                    "/",
                    "*"
                ]
            },
            "declarationProvider": true,
            "definitionProvider": true,
            "documentFormattingProvider": true,
            "documentHighlightProvider": true,
            "documentLinkProvider": {
                "resolveProvider": false
            },
            "documentOnTypeFormattingProvider": {
                "firstTriggerCharacter": "\n",
                "moreTriggerCharacter": []
            },
            "documentRangeFormattingProvider": true,
            "documentSymbolProvider": true,
            "executeCommandProvider": {
                "commands": [
                    "clangd.applyFix",
                    "clangd.applyRename",
                    "clangd.applyTweak"
                ]
            },
            "foldingRangeProvider": true,
            "hoverProvider": true,
            "implementationProvider": true,
            "inactiveRegionsProvider": true,
            "inlayHintProvider": true,
            "memoryUsageProvider": true,
            "referencesProvider": true,
            "renameProvider": true,
            "selectionRangeProvider": true,
            "semanticTokensProvider": {
                "full": {
                    "delta": true
                },
                "legend": {
                    "tokenModifiers": [
                        "declaration",
                        "definition",
                        "deprecated",
                        "deduced",
                        "readonly",
                        "static",
                        "abstract",
                        "virtual",
                        "dependentName",
                        "defaultLibrary",
                        "usedAsMutableReference",
                        "usedAsMutablePointer",
                        "constructorOrDestructor",
                        "userDefined",
                        "functionScope",
                        "classScope",
                        "fileScope",
                        "globalScope"
                    ],
                    "tokenTypes": [
                        "variable",
                        "variable",
                        "parameter",
                        "function",
                        "method",
                        "function",
                        "property",
                        "variable",
                        "class",
                        "interface",
                        "enum",
                        "enumMember",
                        "type",
                        "type",
                        "unknown",
                        "namespace",
                        "typeParameter",
                        "concept",
                        "type",
                        "macro",
                        "modifier",
                        "operator",
                        "bracket",
                        "label",
                        "comment"
                    ]
                },
                "range": false
            },
            "signatureHelpProvider": {
                "triggerCharacters": [
                    "(",
                    ")",
                    "{",
                    "}",
                    "<",
                    ">",
                    ","
                ]
            },
            "standardTypeHierarchyProvider": true,
            "textDocumentSync": {
                "change": 2,
                "openClose": true,
                "save": true
            },
            "typeDefinitionProvider": true,
            "typeHierarchyProvider": true,
            "workspaceSymbolProvider": true
        },
        "serverInfo": {
            "name": "clangd",
            "version": "clangd version 20.1.0 windows x86_64-pc-windows-msvc"
        }
    }
}
LSP initialized successfully.
Request sent with method textDocument/didOpen
Handling response from LSP
Received response: {
    "jsonrpc": "2.0",
    "method": "textDocument/publishDiagnostics",
    "params": {
        "diagnostics": [
            {
                "code": "unknown_typename",
                "message": "Unknown type name 'from'",
                "range": {
                    "end": {
                        "character": 4,
                        "line": 0
                    },
                    "start": {
                        "character": 0,
                        "line": 0
                    }
                },
                "severity": 1,
                "source": "clang"
            },
            {
                "code": "invalid_token_after_toplevel_declarator",
                "message": "Expected ';' after top level declarator (fix available)",
                "range": {
                    "end": {
                        "character": 18,
                        "line": 0
                    },
                    "start": {
                        "character": 12,
                        "line": 0
                    }
                },
                "severity": 1,
                "source": "clang"
            },
            {
                "code": "-Winvalid-pp-token",
                "message": "Missing terminating '\"' character",
                "range": {
                    "end": {
                        "character": 102,
                        "line": 23
                    },
                    "start": {
                        "character": 6,
                        "line": 23
                    }
                },
                "severity": 2,
                "source": "clang"
            },
            {
                "code": "-Winvalid-pp-token",
                "message": "Missing terminating '\"' character",
                "range": {
                    "end": {
                        "character": 80,
                        "line": 24
                    },
                    "start": {
                        "character": 79,
                        "line": 24
                    }
                },
                "severity": 2,
                "source": "clang"
            },
            {
                "code": "pp_invalid_directive",
                "message": "Invalid preprocessing directive",
                "range": {
                    "end": {
                        "character": 17,
                        "line": 55
                    },
                    "start": {
                        "character": 10,
                        "line": 55
                    }
                },
                "severity": 1,
                "source": "clang"
            },
            {
                "code": "pp_invalid_directive",
                "message": "Invalid preprocessing directive",
                "range": {
                    "end": {
                        "character": 13,
                        "line": 56
                    },
                    "start": {
                        "character": 6,
                        "line": 56
                    }
                },
                "severity": 1,
                "source": "clang"
            },
            {
                "code": "pp_invalid_directive",
                "message": "Invalid preprocessing directive",
                "range": {
                    "end": {
                        "character": 15,
                        "line": 66
                    },
                    "start": {
                        "character": 6,
                        "line": 66
                    }
                },
                "severity": 1,
                "source": "clang"
            },
            {
                "code": "pp_invalid_directive",
                "message": "Invalid preprocessing directive",
                "range": {
                    "end": {
                        "character": 10,
                        "line": 72
                    },
                    "start": {
                        "character": 6,
                        "line": 72
                    }
                },
                "severity": 1,
                "source": "clang"
            },
            {
                "code": "pp_invalid_directive",
                "message": "Invalid preprocessing directive",
                "range": {
                    "end": {
                        "character": 11,
                        "line": 80
                    },
                    "start": {
                        "character": 6,
                        "line": 80
                    }
                },
                "severity": 1,
                "source": "clang"
            },
            {
                "code": "pp_invalid_directive",
                "message": "Invalid preprocessing directive",
                "range": {
                    "end": {
                        "character": 13,
                        "line": 86
                    },
                    "start": {
                        "character": 6,
                        "line": 86
                    }
                },
                "severity": 1,
                "source": "clang"
            },
            {
                "code": "pp_invalid_directive",
                "message": "Invalid preprocessing directive",
                "range": {
                    "end": {
                        "character": 11,
                        "line": 92
                    },
                    "start": {
                        "character": 6,
                        "line": 92
                    }
                },
                "severity": 1,
                "source": "clang"
            },
            {
                "code": "pp_invalid_directive",
                "message": "Invalid preprocessing directive",
                "range": {
                    "end": {
                        "character": 13,
                        "line": 99
                    },
                    "start": {
                        "character": 6,
                        "line": 99
                    }
                },
                "severity": 1,
                "source": "clang"
            },
            {
                "code": "pp_invalid_directive",
                "message": "Invalid preprocessing directive",
                "range": {
                    "end": {
                        "character": 7,
                        "line": 100
                    },
                    "start": {
                        "character": 5,
                        "line": 100
                    }
                },
                "severity": 1,
                "source": "clang"
            },
            {
                "code": "pp_invalid_directive",
                "message": "Invalid preprocessing directive",
                "range": {
                    "end": {
                        "character": 7,
                        "line": 101
                    },
                    "start": {
                        "character": 5,
                        "line": 101
                    }
                },
                "severity": 1,
                "source": "clang"
            },
            {
                "code": "pp_invalid_directive",
                "message": "Invalid preprocessing directive",
                "range": {
                    "end": {
                        "character": 20,
                        "line": 119
                    },
                    "start": {
                        "character": 10,
                        "line": 119
                    }
                },
                "severity": 1,
                "source": "clang"
            },
            {
                "code": "pp_invalid_directive",
                "message": "Invalid preprocessing directive",
                "range": {
                    "end": {
                        "character": 9,
                        "line": 121
                    },
                    "start": {
                        "character": 6,
                        "line": 121
                    }
                },
                "severity": 1,
                "source": "clang"
            },
            {
                "code": "pp_invalid_directive",
                "message": "Invalid preprocessing directive",
                "range": {
                    "end": {
                        "character": 13,
                        "line": 132
                    },
                    "start": {
                        "character": 6,
                        "line": 132
                    }
                },
                "severity": 1,
                "source": "clang"
            },
            {
                "code": "pp_invalid_directive",
                "message": "Invalid preprocessing directive",
                "range": {
                    "end": {
                        "character": 9,
                        "line": 138
                    },
                    "start": {
                        "character": 6,
                        "line": 138
                    }
                },
                "severity": 1,
                "source": "clang"
            },
            {
                "code": "pp_invalid_directive",
                "message": "Invalid preprocessing directive",
                "range": {
                    "end": {
                        "character": 9,
                        "line": 139
                    },
                    "start": {
                        "character": 6,
                        "line": 139
                    }
                },
                "severity": 1,
                "source": "clang"
            },
            {
                "code": "pp_invalid_directive",
                "message": "Invalid preprocessing directive",
                "range": {
                    "end": {
                        "character": 8,
                        "line": 141
                    },
                    "start": {
                        "character": 6,
                        "line": 141
                    }
                },
                "severity": 1,
                "source": "clang"
            },
            {
                "code": "pp_invalid_directive",
                "message": "Invalid preprocessing directive",
                "range": {
                    "end": {
                        "character": 12,
                        "line": 153
                    },
                    "start": {
                        "character": 6,
                        "line": 153
                    }
                },
                "severity": 1,
                "source": "clang"
            }
        ],
        "uri": "file://C:/Users/andre/AppData/Local/Temp/tmp0z8o8oa9.cpp",
        "version": 0
    }
}
Diagnostics received from LSP.
Errors received: [Error(line=0, column=0, column_end = 4, message=Unknown type name 'from'), Error(line=0, column=12, column_end = 18, message=Expected ';' after top level declarator (fix available)), Error(line=55, column=10, column_end = 17, message=Invalid preprocessing directive), Error(line=56, column=6, column_end = 13, message=Invalid preprocessing directive), Error(line=66, column=6, column_end = 15, message=Invalid preprocessing directive), Error(line=72, column=6, column_end = 10, message=Invalid preprocessing directive), Error(line=80, column=6, column_end = 11, message=Invalid preprocessing directive), Error(line=86, column=6, column_end = 13, message=Invalid preprocessing directive), Error(line=92, column=6, column_end = 11, message=Invalid preprocessing directive), Error(line=99, column=6, column_end = 13, message=Invalid preprocessing directive), Error(line=100, column=5, column_end = 7, message=Invalid preprocessing directive), Error(line=101, column=5, column_end = 7, message=Invalid preprocessing directive), Error(line=119, column=10, column_end = 20, message=Invalid preprocessing directive), Error(line=121, column=6, column_end = 9, message=Invalid preprocessing directive), Error(line=132, column=6, column_end = 13, message=Invalid preprocessing directive), Error(line=138, column=6, column_end = 9, message=Invalid preprocessing directive), Error(line=139, column=6, column_end = 9, message=Invalid preprocessing directive), Error(line=141, column=6, column_end = 8, message=Invalid preprocessing directive), Error(line=153, column=6, column_end = 12, message=Invalid preprocessing directive)]
Updated temporary file C:\Users\andre\AppData\Local\Temp\tmp0z8o8oa9.cpp
LSP process shut down successfully.
Temporary file created: C:\Users\andre\AppData\Local\Temp\tmpsn2arjgg.cpp
LSP process started successfully.
Request sent with method initialize
Updated temporary file C:\Users\andre\AppData\Local\Temp\tmpsn2arjgg.cpp
LSP process shut down successfully.
Temporary file created: C:\Users\andre\AppData\Local\Temp\tmpek49ggu9.cpp
LSP process started successfully.
Request sent with method initialize
Handling response from LSP
Received response: {
    "id": 0,
    "jsonrpc": "2.0",
    "result": {
        "capabilities": {
            "astProvider": true,
            "callHierarchyProvider": true,
            "clangdInlayHintsProvider": true,
            "codeActionProvider": true,
            "compilationDatabase": {
                "automaticReload": true
            },
            "completionProvider": {
                "resolveProvider": false,
                "triggerCharacters": [
                    ".",
                    "<",
                    ">",
                    ":",
                    "\"",
                    "/",
                    "*"
                ]
            },
            "declarationProvider": true,
            "definitionProvider": true,
            "documentFormattingProvider": true,
            "documentHighlightProvider": true,
            "documentLinkProvider": {
                "resolveProvider": false
            },
            "documentOnTypeFormattingProvider": {
                "firstTriggerCharacter": "\n",
                "moreTriggerCharacter": []
            },
            "documentRangeFormattingProvider": true,
            "documentSymbolProvider": true,
            "executeCommandProvider": {
                "commands": [
                    "clangd.applyFix",
                    "clangd.applyRename",
                    "clangd.applyTweak"
                ]
            },
            "foldingRangeProvider": true,
            "hoverProvider": true,
            "implementationProvider": true,
            "inactiveRegionsProvider": true,
            "inlayHintProvider": true,
            "memoryUsageProvider": true,
            "referencesProvider": true,
            "renameProvider": true,
            "selectionRangeProvider": true,
            "semanticTokensProvider": {
                "full": {
                    "delta": true
                },
                "legend": {
                    "tokenModifiers": [
                        "declaration",
                        "definition",
                        "deprecated",
                        "deduced",
                        "readonly",
                        "static",
                        "abstract",
                        "virtual",
                        "dependentName",
                        "defaultLibrary",
                        "usedAsMutableReference",
                        "usedAsMutablePointer",
                        "constructorOrDestructor",
                        "userDefined",
                        "functionScope",
                        "classScope",
                        "fileScope",
                        "globalScope"
                    ],
                    "tokenTypes": [
                        "variable",
                        "variable",
                        "parameter",
                        "function",
                        "method",
                        "function",
                        "property",
                        "variable",
                        "class",
                        "interface",
                        "enum",
                        "enumMember",
                        "type",
                        "type",
                        "unknown",
                        "namespace",
                        "typeParameter",
                        "concept",
                        "type",
                        "macro",
                        "modifier",
                        "operator",
                        "bracket",
                        "label",
                        "comment"
                    ]
                },
                "range": false
            },
            "signatureHelpProvider": {
                "triggerCharacters": [
                    "(",
                    ")",
                    "{",
                    "}",
                    "<",
                    ">",
                    ","
                ]
            },
            "standardTypeHierarchyProvider": true,
            "textDocumentSync": {
                "change": 2,
                "openClose": true,
                "save": true
            },
            "typeDefinitionProvider": true,
            "typeHierarchyProvider": true,
            "workspaceSymbolProvider": true
        },
        "serverInfo": {
            "name": "clangd",
            "version": "clangd version 20.1.0 windows x86_64-pc-windows-msvc"
        }
    }
}
LSP initialized successfully.
Request sent with method textDocument/didOpen
Handling response from LSP
Received response: {
    "jsonrpc": "2.0",
    "method": "textDocument/publishDiagnostics",
    "params": {
        "diagnostics": [],
        "uri": "file://C:/Users/andre/AppData/Local/Temp/tmpek49ggu9.cpp",
        "version": 0
    }
}
Diagnostics received from LSP.
Errors received: []
Updated temporary file C:\Users\andre\AppData\Local\Temp\tmpek49ggu9.cpp
LSP process shut down successfully.
Temporary file created: C:\Users\andre\AppData\Local\Temp\tmp8enr0lai.cpp
LSP process started successfully.
Request sent with method initialize
Updated temporary file C:\Users\andre\AppData\Local\Temp\tmp8enr0lai.cpp
LSP process shut down successfully.
Temporary file created: C:\Users\andre\AppData\Local\Temp\tmpg8zmnv12.cpp
LSP process started successfully.
Request sent with method initialize
Handling response from LSP
Received response: {
    "id": 0,
    "jsonrpc": "2.0",
    "result": {
        "capabilities": {
            "astProvider": true,
            "callHierarchyProvider": true,
            "clangdInlayHintsProvider": true,
            "codeActionProvider": true,
            "compilationDatabase": {
                "automaticReload": true
            },
            "completionProvider": {
                "resolveProvider": false,
                "triggerCharacters": [
                    ".",
                    "<",
                    ">",
                    ":",
                    "\"",
                    "/",
                    "*"
                ]
            },
            "declarationProvider": true,
            "definitionProvider": true,
            "documentFormattingProvider": true,
            "documentHighlightProvider": true,
            "documentLinkProvider": {
                "resolveProvider": false
            },
            "documentOnTypeFormattingProvider": {
                "firstTriggerCharacter": "\n",
                "moreTriggerCharacter": []
            },
            "documentRangeFormattingProvider": true,
            "documentSymbolProvider": true,
            "executeCommandProvider": {
                "commands": [
                    "clangd.applyFix",
                    "clangd.applyRename",
                    "clangd.applyTweak"
                ]
            },
            "foldingRangeProvider": true,
            "hoverProvider": true,
            "implementationProvider": true,
            "inactiveRegionsProvider": true,
            "inlayHintProvider": true,
            "memoryUsageProvider": true,
            "referencesProvider": true,
            "renameProvider": true,
            "selectionRangeProvider": true,
            "semanticTokensProvider": {
                "full": {
                    "delta": true
                },
                "legend": {
                    "tokenModifiers": [
                        "declaration",
                        "definition",
                        "deprecated",
                        "deduced",
                        "readonly",
                        "static",
                        "abstract",
                        "virtual",
                        "dependentName",
                        "defaultLibrary",
                        "usedAsMutableReference",
                        "usedAsMutablePointer",
                        "constructorOrDestructor",
                        "userDefined",
                        "functionScope",
                        "classScope",
                        "fileScope",
                        "globalScope"
                    ],
                    "tokenTypes": [
                        "variable",
                        "variable",
                        "parameter",
                        "function",
                        "method",
                        "function",
                        "property",
                        "variable",
                        "class",
                        "interface",
                        "enum",
                        "enumMember",
                        "type",
                        "type",
                        "unknown",
                        "namespace",
                        "typeParameter",
                        "concept",
                        "type",
                        "macro",
                        "modifier",
                        "operator",
                        "bracket",
                        "label",
                        "comment"
                    ]
                },
                "range": false
            },
            "signatureHelpProvider": {
                "triggerCharacters": [
                    "(",
                    ")",
                    "{",
                    "}",
                    "<",
                    ">",
                    ","
                ]
            },
            "standardTypeHierarchyProvider": true,
            "textDocumentSync": {
                "change": 2,
                "openClose": true,
                "save": true
            },
            "typeDefinitionProvider": true,
            "typeHierarchyProvider": true,
            "workspaceSymbolProvider": true
        },
        "serverInfo": {
            "name": "clangd",
            "version": "clangd version 20.1.0 windows x86_64-pc-windows-msvc"
        }
    }
}
LSP initialized successfully.
Request sent with method textDocument/didOpen
Handling response from LSP
Received response: {
    "jsonrpc": "2.0",
    "method": "textDocument/publishDiagnostics",
    "params": {
        "diagnostics": [
            {
                "code": "undeclared_var_use",
                "message": "Use of undeclared identifier 'sort'",
                "range": {
                    "end": {
                        "character": 7,
                        "line": 6
                    },
                    "start": {
                        "character": 3,
                        "line": 6
                    }
                },
                "severity": 1,
                "source": "clang"
            },
            {
                "code": "unused-includes",
                "codeDescription": {
                    "href": "https://clangd.llvm.org/guides/include-cleaner"
                },
                "message": "Included header iostream is not used directly (fix available)",
                "range": {
                    "end": {
                        "character": 50,
                        "line": 0
                    },
                    "start": {
                        "character": 0,
                        "line": 0
                    }
                },
                "severity": 2,
                "source": "clangd",
                "tags": [
                    1
                ]
            }
        ],
        "uri": "file://C:/Users/andre/AppData/Local/Temp/tmpg8zmnv12.cpp",
        "version": 0
    }
}
Diagnostics received from LSP.
Errors received: [Error(line=6, column=3, column_end = 7, message=Use of undeclared identifier 'sort')]
Updated temporary file C:\Users\andre\AppData\Local\Temp\tmpg8zmnv12.cpp
LSP process shut down successfully.
Temporary file created: C:\Users\andre\AppData\Local\Temp\tmpw3pg7791.cpp
LSP process started successfully.
Request sent with method initialize
Handling response from LSP
Received response: {
    "id": 0,
    "jsonrpc": "2.0",
    "result": {
        "capabilities": {
            "astProvider": true,
            "callHierarchyProvider": true,
            "clangdInlayHintsProvider": true,
            "codeActionProvider": true,
            "compilationDatabase": {
                "automaticReload": true
            },
            "completionProvider": {
                "resolveProvider": false,
                "triggerCharacters": [
                    ".",
                    "<",
                    ">",
                    ":",
                    "\"",
                    "/",
                    "*"
                ]
            },
            "declarationProvider": true,
            "definitionProvider": true,
            "documentFormattingProvider": true,
            "documentHighlightProvider": true,
            "documentLinkProvider": {
                "resolveProvider": false
            },
            "documentOnTypeFormattingProvider": {
                "firstTriggerCharacter": "\n",
                "moreTriggerCharacter": []
            },
            "documentRangeFormattingProvider": true,
            "documentSymbolProvider": true,
            "executeCommandProvider": {
                "commands": [
                    "clangd.applyFix",
                    "clangd.applyRename",
                    "clangd.applyTweak"
                ]
            },
            "foldingRangeProvider": true,
            "hoverProvider": true,
            "implementationProvider": true,
            "inactiveRegionsProvider": true,
            "inlayHintProvider": true,
            "memoryUsageProvider": true,
            "referencesProvider": true,
            "renameProvider": true,
            "selectionRangeProvider": true,
            "semanticTokensProvider": {
                "full": {
                    "delta": true
                },
                "legend": {
                    "tokenModifiers": [
                        "declaration",
                        "definition",
                        "deprecated",
                        "deduced",
                        "readonly",
                        "static",
                        "abstract",
                        "virtual",
                        "dependentName",
                        "defaultLibrary",
                        "usedAsMutableReference",
                        "usedAsMutablePointer",
                        "constructorOrDestructor",
                        "userDefined",
                        "functionScope",
                        "classScope",
                        "fileScope",
                        "globalScope"
                    ],
                    "tokenTypes": [
                        "variable",
                        "variable",
                        "parameter",
                        "function",
                        "method",
                        "function",
                        "property",
                        "variable",
                        "class",
                        "interface",
                        "enum",
                        "enumMember",
                        "type",
                        "type",
                        "unknown",
                        "namespace",
                        "typeParameter",
                        "concept",
                        "type",
                        "macro",
                        "modifier",
                        "operator",
                        "bracket",
                        "label",
                        "comment"
                    ]
                },
                "range": false
            },
            "signatureHelpProvider": {
                "triggerCharacters": [
                    "(",
                    ")",
                    "{",
                    "}",
                    "<",
                    ">",
                    ","
                ]
            },
            "standardTypeHierarchyProvider": true,
            "textDocumentSync": {
                "change": 2,
                "openClose": true,
                "save": true
            },
            "typeDefinitionProvider": true,
            "typeHierarchyProvider": true,
            "workspaceSymbolProvider": true
        },
        "serverInfo": {
            "name": "clangd",
            "version": "clangd version 20.1.0 windows x86_64-pc-windows-msvc"
        }
    }
}
LSP initialized successfully.
Request sent with method textDocument/didOpen
Handling response from LSP
Received response: {
    "jsonrpc": "2.0",
    "method": "textDocument/publishDiagnostics",
    "params": {
        "diagnostics": [
            {
                "code": "undeclared_var_use",
                "message": "Use of undeclared identifier 'sort'",
                "range": {
                    "end": {
                        "character": 7,
                        "line": 6
                    },
                    "start": {
                        "character": 3,
                        "line": 6
                    }
                },
                "severity": 1,
                "source": "clang"
            },
            {
                "code": "unused-includes",
                "codeDescription": {
                    "href": "https://clangd.llvm.org/guides/include-cleaner"
                },
                "message": "Included header iostream is not used directly (fix available)",
                "range": {
                    "end": {
                        "character": 50,
                        "line": 0
                    },
                    "start": {
                        "character": 0,
                        "line": 0
                    }
                },
                "severity": 2,
                "source": "clangd",
                "tags": [
                    1
                ]
            }
        ],
        "uri": "file://C:/Users/andre/AppData/Local/Temp/tmpw3pg7791.cpp",
        "version": 0
    }
}
Diagnostics received from LSP.
Errors received: [Error(line=6, column=3, column_end = 7, message=Use of undeclared identifier 'sort')]
Updated temporary file C:\Users\andre\AppData\Local\Temp\tmpw3pg7791.cpp
Request sent with method textDocument/didChange
Request sent with method textDocument/didChange
Updated temporary file C:\Users\andre\AppData\Local\Temp\tmpw3pg7791.cpp
Request sent with method textDocument/didChange
Request sent with method textDocument/didChange
Updated temporary file C:\Users\andre\AppData\Local\Temp\tmpw3pg7791.cpp
Request sent with method textDocument/didChange
Request sent with method textDocument/didChange
Updated temporary file C:\Users\andre\AppData\Local\Temp\tmpw3pg7791.cpp
Request sent with method textDocument/didChange
Request sent with method textDocument/didChange
Handling response from LSP
Received response: {
    "jsonrpc": "2.0",
    "method": "textDocument/publishDiagnostics",
    "params": {
        "diagnostics": [],
        "uri": "file://C:/Users/andre/AppData/Local/Temp/tmpw3pg7791.cpp",
        "version": 8
    }
}
Diagnostics received from LSP.
Errors received: []
Handling response from LSP
Received response: {
    "jsonrpc": "2.0",
    "method": "textDocument/publishDiagnostics",
    "params": {
        "diagnostics": [],
        "uri": "file://C:/Users/andre/AppData/Local/Temp/tmpw3pg7791.cpp",
        "version": 8
    }
}
Diagnostics received from LSP.
Errors received: []
Updated temporary file C:\Users\andre\AppData\Local\Temp\tmpw3pg7791.cpp
Request sent with method textDocument/didChange
Request sent with method textDocument/didChange
Updated temporary file C:\Users\andre\AppData\Local\Temp\tmpw3pg7791.cpp
Request sent with method textDocument/didChange
Request sent with method textDocument/didChange
Request sent with method textDocument/hover
Handling response from LSP
Received response: {
    "id": 2,
    "jsonrpc": "2.0",
    "result": null
}
Received hover response.
Hover response does not contain 'contents'.
Updated temporary file C:\Users\andre\AppData\Local\Temp\tmpw3pg7791.cpp
Request sent with method textDocument/didChange
Request sent with method textDocument/didChange
Updated temporary file C:\Users\andre\AppData\Local\Temp\tmpw3pg7791.cpp
Request sent with method textDocument/didChange
Request sent with method textDocument/didChange
Request sent with method textDocument/hover
Handling response from LSP
Received response: {
    "id": 2,
    "jsonrpc": "2.0",
    "result": null
}
Received hover response.
Hover response does not contain 'contents'.
Request sent with method textDocument/hover
Handling response from LSP
Received response: {
    "id": 2,
    "jsonrpc": "2.0",
    "result": {
        "contents": {
            "kind": "plaintext",
            "value": "string-literal\n\nType: const char[41]\nSize: 41 bytes"
        },
        "range": {
            "end": {
                "character": 58,
                "line": 35
            },
            "start": {
                "character": 16,
                "line": 35
            }
        }
    }
}
Received hover response.
Hover text: string-literal

Type: const char[41]
Size: 41 bytes
Updated temporary file C:\Users\andre\AppData\Local\Temp\tmpw3pg7791.cpp
Request sent with method textDocument/didChange
Request sent with method textDocument/didChange
Updated temporary file C:\Users\andre\AppData\Local\Temp\tmpw3pg7791.cpp
Request sent with method textDocument/didChange
Request sent with method textDocument/didChange
Updated temporary file C:\Users\andre\AppData\Local\Temp\tmpw3pg7791.cpp
Request sent with method textDocument/didChange
Request sent with method textDocument/didChange
Handling response from LSP
Received response: {
    "jsonrpc": "2.0",
    "method": "textDocument/publishDiagnostics",
    "params": {
        "diagnostics": [],
        "uri": "file://C:/Users/andre/AppData/Local/Temp/tmpw3pg7791.cpp",
        "version": 22
    }
}
Diagnostics received from LSP.
Errors received: []
Updated temporary file C:\Users\andre\AppData\Local\Temp\tmpw3pg7791.cpp
Request sent with method textDocument/didChange
Request sent with method textDocument/didChange
Updated temporary file C:\Users\andre\AppData\Local\Temp\tmpw3pg7791.cpp
Request sent with method textDocument/didChange
Request sent with method textDocument/didChange
Updated temporary file C:\Users\andre\AppData\Local\Temp\tmpw3pg7791.cpp
Request sent with method textDocument/didChange
Request sent with method textDocument/didChange
Handling response from LSP
Received response: {
    "jsonrpc": "2.0",
    "method": "textDocument/publishDiagnostics",
    "params": {
        "diagnostics": [],
        "uri": "file://C:/Users/andre/AppData/Local/Temp/tmpw3pg7791.cpp",
        "version": 28
    }
}
Diagnostics received from LSP.
Errors received: []
Updated temporary file C:\Users\andre\AppData\Local\Temp\tmpw3pg7791.cpp
Request sent with method textDocument/didChange
Request sent with method textDocument/didChange
Updated temporary file C:\Users\andre\AppData\Local\Temp\tmpw3pg7791.cpp
Request sent with method textDocument/didChange
Request sent with method textDocument/didChange
Updated temporary file C:\Users\andre\AppData\Local\Temp\tmpw3pg7791.cpp
Request sent with method textDocument/didChange
Request sent with method textDocument/didChange
Handling response from LSP
Received response: {
    "jsonrpc": "2.0",
    "method": "textDocument/publishDiagnostics",
    "params": {
        "diagnostics": [],
        "uri": "file://C:/Users/andre/AppData/Local/Temp/tmpw3pg7791.cpp",
        "version": 34
    }
}
Diagnostics received from LSP.
Errors received: []
Updated temporary file C:\Users\andre\AppData\Local\Temp\tmpw3pg7791.cpp
Request sent with method textDocument/didChange
Request sent with method textDocument/didChange
Updated temporary file C:\Users\andre\AppData\Local\Temp\tmpw3pg7791.cpp
Request sent with method textDocument/didChange
Request sent with method textDocument/didChange
Request sent with method textDocument/hover
Handling response from LSP
Received response: {
    "id": 2,
    "jsonrpc": "2.0",
    "result": null
}
Received hover response.
Hover response does not contain 'contents'.
